[2022-04-18 11:20:23,507][logger.py 42][INFO]: ---测试开始---
[2022-04-18 11:20:23,511][logger.py 43][DEBUG]: ---测试结束---
[2022-04-18 13:42:26,550][read_data.py 30][INFO]: 加载login.yml文件
[2022-04-18 13:44:19,540][read_data.py 30][INFO]: 加载login.yml文件
[2022-04-18 13:47:11,736][read_data.py 42][INFO]: 加载 login.json 文件......
[2022-04-18 13:54:16,266][read_data.py 42][INFO]: 加载 login.json 文件......
[2022-04-18 13:57:01,745][read_data.py 42][INFO]: 加载 login.json 文件......
[2022-04-18 13:59:19,530][read_data.py 42][INFO]: 加载 login.json 文件......
[2022-04-18 13:59:25,449][read_data.py 42][INFO]: 加载 login.json 文件......
[2022-04-18 14:00:28,156][read_data.py 42][INFO]: 加载 login.json 文件......
[2022-04-18 14:00:28,160][request.py 44][INFO]: 接口请求地址: http://192.168.1.154:5050/centerweb/cloud/sysUser/login
[2022-04-18 14:00:28,160][request.py 45][INFO]: 接口请求方式: GET
[2022-04-18 14:00:28,161][request.py 46][INFO]: 接口请求头: {
    "content-type": "application/json;charset=UTF-8"
}
[2022-04-18 14:00:28,161][request.py 47][INFO]: 接口请求 params 参数: null
[2022-04-18 14:00:28,161][request.py 48][INFO]: 接口请求体 data 参数 : null
[2022-04-18 14:00:28,161][request.py 49][INFO]: 接口请求体 json 参数: null
[2022-04-18 14:00:28,173][request.py 53][INFO]: 返回信息 : null([{"aaa01":"","aah01":"","abe01":"","adr01":0,"authorized":0,"bac02":"","bce37":"","bce41":0,"bce55":"","bck01":0,"bck02":"","bck03":"","checkState":0,"code":"","createDate":null,"createdBy":0,"createdDate":null,"croCode":"","descOrAsc":"","description":"","dogResult":"","employeeId":0,"expiryDate":null,"expiryDateStr":"","fullName":"","id":0,"iscover":false,"jessionids":"","licenseDay":"","licenseToken":"","loginHost":"","loginIsVcode":0,"loginState":0,"loginTime":"2022-04-18 14:00:29","loginstyle":0,"maximumUser":0,"name":"","orderBy":"","parameter":{},"parameterArray":[],"passexpirydate":null,"passexpirydateStr":"","password":"","privilege":0,"resources":[],"result":"请选择医院后，再重新登陆!","resultMsg":"","sex":0,"shortname":"","tokin":"","updatedBy":0,"updatedDate":null,"workPass":""}])
[2022-04-18 14:03:35,797][read_data.py 42][INFO]: 加载 login.json 文件......
[2022-04-18 14:03:43,924][read_data.py 42][INFO]: 加载 login.json 文件......
[2022-04-18 14:03:43,926][request.py 44][INFO]: 接口请求地址: http://192.168.1.154:5050/centerweb/cloud/sysUser/login
[2022-04-18 14:03:43,926][request.py 45][INFO]: 接口请求方式: GET
[2022-04-18 14:03:43,926][request.py 46][INFO]: 接口请求头: {
    "content-type": "application/json;charset=UTF-8"
}
[2022-04-18 14:03:43,926][request.py 47][INFO]: 接口请求 params 参数: null
[2022-04-18 14:03:43,926][request.py 48][INFO]: 接口请求体 data 参数 : null
[2022-04-18 14:03:43,926][request.py 49][INFO]: 接口请求体 json 参数: null
[2022-04-18 14:03:43,940][request.py 53][INFO]: 返回信息 : null([{"aaa01":"","aah01":"","abe01":"","adr01":0,"authorized":0,"bac02":"","bce37":"","bce41":0,"bce55":"","bck01":0,"bck02":"","bck03":"","checkState":0,"code":"","createDate":null,"createdBy":0,"createdDate":null,"croCode":"","descOrAsc":"","description":"","dogResult":"","employeeId":0,"expiryDate":null,"expiryDateStr":"","fullName":"","id":0,"iscover":false,"jessionids":"","licenseDay":"","licenseToken":"","loginHost":"","loginIsVcode":0,"loginState":0,"loginTime":"2022-04-18 14:03:45","loginstyle":0,"maximumUser":0,"name":"","orderBy":"","parameter":{},"parameterArray":[],"passexpirydate":null,"passexpirydateStr":"","password":"","privilege":0,"resources":[],"result":"请选择医院后，再重新登陆!","resultMsg":"","sex":0,"shortname":"","tokin":"","updatedBy":0,"updatedDate":null,"workPass":""}])
[2022-04-18 14:12:51,896][read_data.py 42][INFO]: 加载 login.json 文件......
[2022-04-18 14:12:51,899][request.py 44][INFO]: 接口请求地址: http://192.168.1.154:5050/centerweb/cloud/sysUser/login
[2022-04-18 14:12:51,899][request.py 45][INFO]: 接口请求方式: GET
[2022-04-18 14:12:51,899][request.py 46][INFO]: 接口请求头: {
    "content-type": "application/json;charset=UTF-8"
}
[2022-04-18 14:12:51,899][request.py 47][INFO]: 接口请求 params 参数: null
[2022-04-18 14:12:51,899][request.py 48][INFO]: 接口请求体 data 参数 : null
[2022-04-18 14:12:51,899][request.py 49][INFO]: 接口请求体 json 参数: null
[2022-04-18 14:12:51,915][request.py 53][INFO]: 返回信息 : null([{"aaa01":"","aah01":"","abe01":"","adr01":0,"authorized":0,"bac02":"","bce37":"","bce41":0,"bce55":"","bck01":0,"bck02":"","bck03":"","checkState":0,"code":"","createDate":null,"createdBy":0,"createdDate":null,"croCode":"","descOrAsc":"","description":"","dogResult":"","employeeId":0,"expiryDate":null,"expiryDateStr":"","fullName":"","id":0,"iscover":false,"jessionids":"","licenseDay":"","licenseToken":"","loginHost":"","loginIsVcode":0,"loginState":0,"loginTime":"2022-04-18 14:12:53","loginstyle":0,"maximumUser":0,"name":"","orderBy":"","parameter":{},"parameterArray":[],"passexpirydate":null,"passexpirydateStr":"","password":"","privilege":0,"resources":[],"result":"请选择医院后，再重新登陆!","resultMsg":"","sex":0,"shortname":"","tokin":"","updatedBy":0,"updatedDate":null,"workPass":""}])
[2022-04-18 14:14:44,941][read_data.py 42][INFO]: 加载 login.json 文件......
[2022-04-18 14:14:44,944][request.py 44][INFO]: 接口请求地址: http://192.168.1.154:5050/centerweb/cloud/sysUser/login
[2022-04-18 14:14:44,944][request.py 45][INFO]: 接口请求方式: GET
[2022-04-18 14:14:44,944][request.py 46][INFO]: 接口请求头: {
    "content-type": "application/json;charset=UTF-8"
}
[2022-04-18 14:14:44,944][request.py 47][INFO]: 接口请求 params 参数: null
[2022-04-18 14:14:44,944][request.py 48][INFO]: 接口请求体 data 参数 : null
[2022-04-18 14:14:44,944][request.py 49][INFO]: 接口请求体 json 参数: null
[2022-04-18 14:14:44,958][request.py 53][INFO]: 返回信息 : null([{"aaa01":"","aah01":"","abe01":"","adr01":0,"authorized":0,"bac02":"","bce37":"","bce41":0,"bce55":"","bck01":0,"bck02":"","bck03":"","checkState":0,"code":"","createDate":null,"createdBy":0,"createdDate":null,"croCode":"","descOrAsc":"","description":"","dogResult":"","employeeId":0,"expiryDate":null,"expiryDateStr":"","fullName":"","id":0,"iscover":false,"jessionids":"","licenseDay":"","licenseToken":"","loginHost":"","loginIsVcode":0,"loginState":0,"loginTime":"2022-04-18 14:14:46","loginstyle":0,"maximumUser":0,"name":"","orderBy":"","parameter":{},"parameterArray":[],"passexpirydate":null,"passexpirydateStr":"","password":"","privilege":0,"resources":[],"result":"请选择医院后，再重新登陆!","resultMsg":"","sex":0,"shortname":"","tokin":"","updatedBy":0,"updatedDate":null,"workPass":""}])
